<?xml version="1.0" encoding="UTF-8"?>
<!-- Generated by org.testng.reporters.JUnitXMLReporter -->
<testsuite ignored="0" hostname="LAPTOP-GD3BOCG7" failures="1" tests="1" name="DataProvider_Test" time="0.038" errors="0" timestamp="2024-03-08T10:08:48 IST">
  <testcase classname="testingbaba_test.DataProviderTest" name="testLogin" time="0.0">
    <failure type="org.testng.TestNGException" message="
Cannot instantiate class testingbaba_pages.DataProviderPage">
      <![CDATA[org.testng.TestNGException: 
Cannot instantiate class testingbaba_pages.DataProviderPage
at java.base/java.util.ArrayList.forEach(ArrayList.java:1511)
... 30 more
Caused by: java.lang.Error: Unresolved compilation problems: 
totalColumns cannot be resolved to a variable
Syntax error, insert "Finally" to complete BlockStatements
Syntax error, insert "}" to complete ClassBody

at testingbaba_pages.DataProviderPage.<init>(DataProviderPage.java:44)
... 33 more
... Removed 36 stack frames]]>
    </failure>
  </testcase> <!-- testLogin -->
</testsuite> <!-- DataProvider_Test -->
