<html>
<head>
<title>TestNG:  ModalDialogs_Test</title>
<link href="../testng.css" rel="stylesheet" type="text/css" />
<link href="../my-testng.css" rel="stylesheet" type="text/css" />

<style type="text/css">
.log { display: none;} 
.stack-trace { display: none;} 
</style>
<script type="text/javascript">
<!--
function flip(e) {
  current = e.style.display;
  if (current == 'block') {
    e.style.display = 'none';
    return 0;
  }
  else {
    e.style.display = 'block';
    return 1;
  }
}

function toggleBox(szDivId, elem, msg1, msg2)
{
  var res = -1;  if (document.getElementById) {
    res = flip(document.getElementById(szDivId));
  }
  else if (document.all) {
    // this is the way old msie versions work
    res = flip(document.all[szDivId]);
  }
  if(elem) {
    if(res == 0) elem.innerHTML = msg1; else elem.innerHTML = msg2;
  }

}

function toggleAllBoxes() {
  if (document.getElementsByTagName) {
    d = document.getElementsByTagName('div');
    for (i = 0; i < d.length; i++) {
      if (d[i].className == 'log') {
        flip(d[i]);
      }
    }
  }
}

// -->
</script>

</head>
<body>
<h2 align='center'>ModalDialogs_Test</h2><table border='1' align="center">
<tr>
<td>Tests passed/Failed/Skipped:</td><td>0/0/5</td>
</tr><tr>
<td>Started on:</td><td>Sat Jan 27 12:33:25 IST 2024</td>
</tr>
<tr><td>Total time:</td><td>1 seconds (1867 ms)</td>
</tr><tr>
<td>Included groups:</td><td></td>
</tr><tr>
<td>Excluded groups:</td><td></td>
</tr>
</table><p/>
<small><i>(Hover the method name to see the test class name)</i></small><p/>
<table width='100%' border='1' class='invocation-failed'>
<tr><td colspan='4' align='center'><b>FAILED CONFIGURATIONS</b></td></tr>
<tr><td><b>Test method</b></td>
<td><b>Attribute(s)</b></td>
<td width="30%"><b>Exception</b></td>
<td width="10%"><b>Time (seconds)</b></td>
<td><b>Instance</b></td>
</tr>
<tr>
<td title='testingbaba_test.ModalDialogsTest.lunchURL()'><b>lunchURL</b><br>Test class: testingbaba_test.ModalDialogsTest<br>Parameters: stagingurl</td>
<td><div><pre>org.openqa.selenium.SessionNotCreatedException: session not created: This version of Microsoft Edge WebDriver only supports Microsoft Edge version 119
Current browser version is 121.0.2277.83 with binary path C:\Program Files (x86)\Microsoft\Edge\Application\msedge.exe
Build info: version: &apos;3.141.59&apos;, revision: &apos;e82be7d358&apos;, time: &apos;2018-11-14T08:17:03&apos;
System info: host: &apos;LAPTOP-GD3BOCG7&apos;, ip: &apos;192.168.183.135&apos;, os.name: &apos;Windows 11&apos;, os.arch: &apos;amd64&apos;, os.version: &apos;10.0&apos;, java.version: &apos;18.0.2.1&apos;
Driver info: driver.version: EdgeDriver
remote stacktrace: 	GetHandleVerifier [0x00007FF66A275462+60322]
	Microsoft::Applications::Events::ILogConfiguration::operator* [0x00007FF66A1FA412+245298]
	(No symbol) [0x00007FF669FC9CE9]
	(No symbol) [0x00007FF66A0090B9]
	(No symbol) [0x00007FF66A0082B5]
	(No symbol) [0x00007FF66A001EB2]
	(No symbol) [0x00007FF669FFD1CB]
	(No symbol) [0x00007FF66A04428F]
	(No symbol) [0x00007FF66A03B8B3]
	(No symbol) [0x00007FF66A00C5C3]
	(No symbol) [0x00007FF66A00B9D3]
	(No symbol) [0x00007FF66A00CD54]
	Microsoft::Applications::Events::EventProperty::to_string [0x00007FF66A452084+1154308]
	(No symbol) [0x00007FF66A08E656]
	Microsoft::Applications::Events::EventProperty::clear [0x00007FF66A150AD3+36579]
	Microsoft::Applications::Events::EventProperty::clear [0x00007FF66A1489FD+3597]
	Microsoft::Applications::Events::EventProperty::to_string [0x00007FF66A450DC4+1149508]
	Microsoft::Applications::Events::ILogConfiguration::operator* [0x00007FF66A203DC8+284648]
	Microsoft::Applications::Events::ILogConfiguration::operator* [0x00007FF66A1FFB54+267636]
	Microsoft::Applications::Events::ILogConfiguration::operator* [0x00007FF66A1FFC82+267938]
	Microsoft::Applications::Events::ILogConfiguration::operator* [0x00007FF66A1F2B31+214353]
	BaseThreadInitThunk [0x00007FFD9765257D+29]
	RtlUserThreadStart [0x00007FFD9812AA58+40]

	at org.openqa.selenium.remote.W3CHandshakeResponse.lambda$errorHandler$0(W3CHandshakeResponse.java:62)
	at org.openqa.selenium.remote.HandshakeResponse.lambda$getResponseFunction$0(HandshakeResponse.java:30)
	at org.openqa.selenium.remote.ProtocolHandshake.lambda$createSession$0(ProtocolHandshake.java:126)
	at java.base/java.util.stream.ReferencePipeline$3$1.accept(ReferencePipeline.java:197)
	at java.base/java.util.Spliterators$ArraySpliterator.tryAdvance(Spliterators.java:1002)
	at java.base/java.util.stream.ReferencePipeline.forEachWithCancel(ReferencePipeline.java:129)
	at java.base/java.util.stream.AbstractPipeline.copyIntoWithCancel(AbstractPipeline.java:527)
	at java.base/java.util.stream.AbstractPipeline.copyInto(AbstractPipeline.java:513)
	at java.base/java.util.stream.AbstractPipeline.wrapAndCopyInto(AbstractPipeline.java:499)
	at java.base/java.util.stream.FindOps$FindOp.evaluateSequential(FindOps.java:150)
	at java.base/java.util.stream.AbstractPipeline.evaluate(AbstractPipeline.java:234)
	at java.base/java.util.stream.ReferencePipeline.findFirst(ReferencePipeline.java:647)
	at org.openqa.selenium.remote.ProtocolHandshake.createSession(ProtocolHandshake.java:128)
	at org.openqa.selenium.remote.ProtocolHandshake.createSession(ProtocolHandshake.java:74)
	at org.openqa.selenium.remote.HttpCommandExecutor.execute(HttpCommandExecutor.java:136)
	at org.openqa.selenium.remote.service.DriverCommandExecutor.execute(DriverCommandExecutor.java:83)
	at org.openqa.selenium.remote.RemoteWebDriver.execute(RemoteWebDriver.java:552)
	at org.openqa.selenium.remote.RemoteWebDriver.startSession(RemoteWebDriver.java:213)
	at org.openqa.selenium.remote.RemoteWebDriver.&lt;init&gt;(RemoteWebDriver.java:131)
	at org.openqa.selenium.edge.EdgeDriver.&lt;init&gt;(EdgeDriver.java:141)
	at org.openqa.selenium.edge.EdgeDriver.&lt;init&gt;(EdgeDriver.java:96)
	at base_library.BaseLibrary.launch_browser(BaseLibrary.java:43)
	at testingbaba_test.ModalDialogsTest.lunchURL(ModalDialogsTest.java:16)
... Removed 25 stack frames</pre></div><a href='#' onClick='toggleBox("stack-trace797814020", this, "Click to show all stack frames", "Click to hide stack frames")'>Click to show all stack frames</a>
<div class='stack-trace' id='stack-trace797814020'><pre>org.openqa.selenium.SessionNotCreatedException: session not created: This version of Microsoft Edge WebDriver only supports Microsoft Edge version 119
Current browser version is 121.0.2277.83 with binary path C:\Program Files (x86)\Microsoft\Edge\Application\msedge.exe
Build info: version: &apos;3.141.59&apos;, revision: &apos;e82be7d358&apos;, time: &apos;2018-11-14T08:17:03&apos;
System info: host: &apos;LAPTOP-GD3BOCG7&apos;, ip: &apos;192.168.183.135&apos;, os.name: &apos;Windows 11&apos;, os.arch: &apos;amd64&apos;, os.version: &apos;10.0&apos;, java.version: &apos;18.0.2.1&apos;
Driver info: driver.version: EdgeDriver
remote stacktrace: 	GetHandleVerifier [0x00007FF66A275462+60322]
	Microsoft::Applications::Events::ILogConfiguration::operator* [0x00007FF66A1FA412+245298]
	(No symbol) [0x00007FF669FC9CE9]
	(No symbol) [0x00007FF66A0090B9]
	(No symbol) [0x00007FF66A0082B5]
	(No symbol) [0x00007FF66A001EB2]
	(No symbol) [0x00007FF669FFD1CB]
	(No symbol) [0x00007FF66A04428F]
	(No symbol) [0x00007FF66A03B8B3]
	(No symbol) [0x00007FF66A00C5C3]
	(No symbol) [0x00007FF66A00B9D3]
	(No symbol) [0x00007FF66A00CD54]
	Microsoft::Applications::Events::EventProperty::to_string [0x00007FF66A452084+1154308]
	(No symbol) [0x00007FF66A08E656]
	Microsoft::Applications::Events::EventProperty::clear [0x00007FF66A150AD3+36579]
	Microsoft::Applications::Events::EventProperty::clear [0x00007FF66A1489FD+3597]
	Microsoft::Applications::Events::EventProperty::to_string [0x00007FF66A450DC4+1149508]
	Microsoft::Applications::Events::ILogConfiguration::operator* [0x00007FF66A203DC8+284648]
	Microsoft::Applications::Events::ILogConfiguration::operator* [0x00007FF66A1FFB54+267636]
	Microsoft::Applications::Events::ILogConfiguration::operator* [0x00007FF66A1FFC82+267938]
	Microsoft::Applications::Events::ILogConfiguration::operator* [0x00007FF66A1F2B31+214353]
	BaseThreadInitThunk [0x00007FFD9765257D+29]
	RtlUserThreadStart [0x00007FFD9812AA58+40]

	at java.base/jdk.internal.reflect.DirectConstructorHandleAccessor.newInstance(DirectConstructorHandleAccessor.java:67)
	at java.base/java.lang.reflect.Constructor.newInstanceWithCaller(Constructor.java:499)
	at java.base/java.lang.reflect.Constructor.newInstance(Constructor.java:483)
	at org.openqa.selenium.remote.W3CHandshakeResponse.lambda$errorHandler$0(W3CHandshakeResponse.java:62)
	at org.openqa.selenium.remote.HandshakeResponse.lambda$getResponseFunction$0(HandshakeResponse.java:30)
	at org.openqa.selenium.remote.ProtocolHandshake.lambda$createSession$0(ProtocolHandshake.java:126)
	at java.base/java.util.stream.ReferencePipeline$3$1.accept(ReferencePipeline.java:197)
	at java.base/java.util.Spliterators$ArraySpliterator.tryAdvance(Spliterators.java:1002)
	at java.base/java.util.stream.ReferencePipeline.forEachWithCancel(ReferencePipeline.java:129)
	at java.base/java.util.stream.AbstractPipeline.copyIntoWithCancel(AbstractPipeline.java:527)
	at java.base/java.util.stream.AbstractPipeline.copyInto(AbstractPipeline.java:513)
	at java.base/java.util.stream.AbstractPipeline.wrapAndCopyInto(AbstractPipeline.java:499)
	at java.base/java.util.stream.FindOps$FindOp.evaluateSequential(FindOps.java:150)
	at java.base/java.util.stream.AbstractPipeline.evaluate(AbstractPipeline.java:234)
	at java.base/java.util.stream.ReferencePipeline.findFirst(ReferencePipeline.java:647)
	at org.openqa.selenium.remote.ProtocolHandshake.createSession(ProtocolHandshake.java:128)
	at org.openqa.selenium.remote.ProtocolHandshake.createSession(ProtocolHandshake.java:74)
	at org.openqa.selenium.remote.HttpCommandExecutor.execute(HttpCommandExecutor.java:136)
	at org.openqa.selenium.remote.service.DriverCommandExecutor.execute(DriverCommandExecutor.java:83)
	at org.openqa.selenium.remote.RemoteWebDriver.execute(RemoteWebDriver.java:552)
	at org.openqa.selenium.remote.RemoteWebDriver.startSession(RemoteWebDriver.java:213)
	at org.openqa.selenium.remote.RemoteWebDriver.&lt;init&gt;(RemoteWebDriver.java:131)
	at org.openqa.selenium.edge.EdgeDriver.&lt;init&gt;(EdgeDriver.java:141)
	at org.openqa.selenium.edge.EdgeDriver.&lt;init&gt;(EdgeDriver.java:96)
	at base_library.BaseLibrary.launch_browser(BaseLibrary.java:43)
	at testingbaba_test.ModalDialogsTest.lunchURL(ModalDialogsTest.java:16)
	at java.base/jdk.internal.reflect.DirectMethodHandleAccessor.invoke(DirectMethodHandleAccessor.java:104)
	at java.base/java.lang.reflect.Method.invoke(Method.java:577)
	at org.testng.internal.invokers.MethodInvocationHelper.invokeMethod(MethodInvocationHelper.java:139)
	at org.testng.internal.invokers.MethodInvocationHelper.invokeMethodConsideringTimeout(MethodInvocationHelper.java:69)
	at org.testng.internal.invokers.ConfigInvoker.invokeConfigurationMethod(ConfigInvoker.java:390)
	at org.testng.internal.invokers.ConfigInvoker.invokeConfigurations(ConfigInvoker.java:325)
	at org.testng.TestRunner.invokeTestConfigurations(TestRunner.java:663)
	at org.testng.TestRunner.beforeRun(TestRunner.java:652)
	at org.testng.TestRunner.run(TestRunner.java:614)
	at org.testng.SuiteRunner.runTest(SuiteRunner.java:443)
	at org.testng.SuiteRunner.runSequentially(SuiteRunner.java:437)
	at org.testng.SuiteRunner.privateRun(SuiteRunner.java:397)
	at org.testng.SuiteRunner.run(SuiteRunner.java:336)
	at org.testng.SuiteRunnerWorker.runSuite(SuiteRunnerWorker.java:52)
	at org.testng.SuiteRunnerWorker.run(SuiteRunnerWorker.java:95)
	at org.testng.TestNG.runSuitesSequentially(TestNG.java:1280)
	at org.testng.TestNG.runSuitesLocally(TestNG.java:1200)
	at org.testng.TestNG.runSuites(TestNG.java:1114)
	at org.testng.TestNG.run(TestNG.java:1082)
	at org.testng.remote.AbstractRemoteTestNG.run(AbstractRemoteTestNG.java:115)
	at org.testng.remote.RemoteTestNG.initAndRun(RemoteTestNG.java:251)
	at org.testng.remote.RemoteTestNG.main(RemoteTestNG.java:77)
</pre></div></td>
<td>1</td>
<td>testingbaba_test.ModalDialogsTest@4c39bec8</td></tr>
</table><p>
<table width='100%' border='1' class='invocation-skipped'>
<tr><td colspan='4' align='center'><b>SKIPPED TESTS</b></td></tr>
<tr><td><b>Test method</b></td>
<td><b>Attribute(s)</b></td>
<td width="30%"><b>Exception</b></td>
<td width="10%"><b>Time (seconds)</b></td>
<td><b>Instance</b></td>
</tr>
<tr>
<td title='testingbaba_test.ModalDialogsTest.hitSmallModalText()'><b>hitSmallModalText</b><br>Test class: testingbaba_test.ModalDialogsTest</td>
<td><div><pre>org.openqa.selenium.SessionNotCreatedException: session not created: This version of Microsoft Edge WebDriver only supports Microsoft Edge version 119
Current browser version is 121.0.2277.83 with binary path C:\Program Files (x86)\Microsoft\Edge\Application\msedge.exe
Build info: version: &apos;3.141.59&apos;, revision: &apos;e82be7d358&apos;, time: &apos;2018-11-14T08:17:03&apos;
System info: host: &apos;LAPTOP-GD3BOCG7&apos;, ip: &apos;192.168.183.135&apos;, os.name: &apos;Windows 11&apos;, os.arch: &apos;amd64&apos;, os.version: &apos;10.0&apos;, java.version: &apos;18.0.2.1&apos;
Driver info: driver.version: EdgeDriver
remote stacktrace: 	GetHandleVerifier [0x00007FF66A275462+60322]
	Microsoft::Applications::Events::ILogConfiguration::operator* [0x00007FF66A1FA412+245298]
	(No symbol) [0x00007FF669FC9CE9]
	(No symbol) [0x00007FF66A0090B9]
	(No symbol) [0x00007FF66A0082B5]
	(No symbol) [0x00007FF66A001EB2]
	(No symbol) [0x00007FF669FFD1CB]
	(No symbol) [0x00007FF66A04428F]
	(No symbol) [0x00007FF66A03B8B3]
	(No symbol) [0x00007FF66A00C5C3]
	(No symbol) [0x00007FF66A00B9D3]
	(No symbol) [0x00007FF66A00CD54]
	Microsoft::Applications::Events::EventProperty::to_string [0x00007FF66A452084+1154308]
	(No symbol) [0x00007FF66A08E656]
	Microsoft::Applications::Events::EventProperty::clear [0x00007FF66A150AD3+36579]
	Microsoft::Applications::Events::EventProperty::clear [0x00007FF66A1489FD+3597]
	Microsoft::Applications::Events::EventProperty::to_string [0x00007FF66A450DC4+1149508]
	Microsoft::Applications::Events::ILogConfiguration::operator* [0x00007FF66A203DC8+284648]
	Microsoft::Applications::Events::ILogConfiguration::operator* [0x00007FF66A1FFB54+267636]
	Microsoft::Applications::Events::ILogConfiguration::operator* [0x00007FF66A1FFC82+267938]
	Microsoft::Applications::Events::ILogConfiguration::operator* [0x00007FF66A1F2B31+214353]
	BaseThreadInitThunk [0x00007FFD9765257D+29]
	RtlUserThreadStart [0x00007FFD9812AA58+40]

	at org.openqa.selenium.remote.W3CHandshakeResponse.lambda$errorHandler$0(W3CHandshakeResponse.java:62)
	at org.openqa.selenium.remote.HandshakeResponse.lambda$getResponseFunction$0(HandshakeResponse.java:30)
	at org.openqa.selenium.remote.ProtocolHandshake.lambda$createSession$0(ProtocolHandshake.java:126)
	at java.base/java.util.stream.ReferencePipeline$3$1.accept(ReferencePipeline.java:197)
	at java.base/java.util.Spliterators$ArraySpliterator.tryAdvance(Spliterators.java:1002)
	at java.base/java.util.stream.ReferencePipeline.forEachWithCancel(ReferencePipeline.java:129)
	at java.base/java.util.stream.AbstractPipeline.copyIntoWithCancel(AbstractPipeline.java:527)
	at java.base/java.util.stream.AbstractPipeline.copyInto(AbstractPipeline.java:513)
	at java.base/java.util.stream.AbstractPipeline.wrapAndCopyInto(AbstractPipeline.java:499)
	at java.base/java.util.stream.FindOps$FindOp.evaluateSequential(FindOps.java:150)
	at java.base/java.util.stream.AbstractPipeline.evaluate(AbstractPipeline.java:234)
	at java.base/java.util.stream.ReferencePipeline.findFirst(ReferencePipeline.java:647)
	at org.openqa.selenium.remote.ProtocolHandshake.createSession(ProtocolHandshake.java:128)
	at org.openqa.selenium.remote.ProtocolHandshake.createSession(ProtocolHandshake.java:74)
	at org.openqa.selenium.remote.HttpCommandExecutor.execute(HttpCommandExecutor.java:136)
	at org.openqa.selenium.remote.service.DriverCommandExecutor.execute(DriverCommandExecutor.java:83)
	at org.openqa.selenium.remote.RemoteWebDriver.execute(RemoteWebDriver.java:552)
	at org.openqa.selenium.remote.RemoteWebDriver.startSession(RemoteWebDriver.java:213)
	at org.openqa.selenium.remote.RemoteWebDriver.&lt;init&gt;(RemoteWebDriver.java:131)
	at org.openqa.selenium.edge.EdgeDriver.&lt;init&gt;(EdgeDriver.java:141)
	at org.openqa.selenium.edge.EdgeDriver.&lt;init&gt;(EdgeDriver.java:96)
	at base_library.BaseLibrary.launch_browser(BaseLibrary.java:43)
	at testingbaba_test.ModalDialogsTest.lunchURL(ModalDialogsTest.java:16)
... Removed 25 stack frames</pre></div><a href='#' onClick='toggleBox("stack-trace237373286", this, "Click to show all stack frames", "Click to hide stack frames")'>Click to show all stack frames</a>
<div class='stack-trace' id='stack-trace237373286'><pre>org.openqa.selenium.SessionNotCreatedException: session not created: This version of Microsoft Edge WebDriver only supports Microsoft Edge version 119
Current browser version is 121.0.2277.83 with binary path C:\Program Files (x86)\Microsoft\Edge\Application\msedge.exe
Build info: version: &apos;3.141.59&apos;, revision: &apos;e82be7d358&apos;, time: &apos;2018-11-14T08:17:03&apos;
System info: host: &apos;LAPTOP-GD3BOCG7&apos;, ip: &apos;192.168.183.135&apos;, os.name: &apos;Windows 11&apos;, os.arch: &apos;amd64&apos;, os.version: &apos;10.0&apos;, java.version: &apos;18.0.2.1&apos;
Driver info: driver.version: EdgeDriver
remote stacktrace: 	GetHandleVerifier [0x00007FF66A275462+60322]
	Microsoft::Applications::Events::ILogConfiguration::operator* [0x00007FF66A1FA412+245298]
	(No symbol) [0x00007FF669FC9CE9]
	(No symbol) [0x00007FF66A0090B9]
	(No symbol) [0x00007FF66A0082B5]
	(No symbol) [0x00007FF66A001EB2]
	(No symbol) [0x00007FF669FFD1CB]
	(No symbol) [0x00007FF66A04428F]
	(No symbol) [0x00007FF66A03B8B3]
	(No symbol) [0x00007FF66A00C5C3]
	(No symbol) [0x00007FF66A00B9D3]
	(No symbol) [0x00007FF66A00CD54]
	Microsoft::Applications::Events::EventProperty::to_string [0x00007FF66A452084+1154308]
	(No symbol) [0x00007FF66A08E656]
	Microsoft::Applications::Events::EventProperty::clear [0x00007FF66A150AD3+36579]
	Microsoft::Applications::Events::EventProperty::clear [0x00007FF66A1489FD+3597]
	Microsoft::Applications::Events::EventProperty::to_string [0x00007FF66A450DC4+1149508]
	Microsoft::Applications::Events::ILogConfiguration::operator* [0x00007FF66A203DC8+284648]
	Microsoft::Applications::Events::ILogConfiguration::operator* [0x00007FF66A1FFB54+267636]
	Microsoft::Applications::Events::ILogConfiguration::operator* [0x00007FF66A1FFC82+267938]
	Microsoft::Applications::Events::ILogConfiguration::operator* [0x00007FF66A1F2B31+214353]
	BaseThreadInitThunk [0x00007FFD9765257D+29]
	RtlUserThreadStart [0x00007FFD9812AA58+40]

	at java.base/jdk.internal.reflect.DirectConstructorHandleAccessor.newInstance(DirectConstructorHandleAccessor.java:67)
	at java.base/java.lang.reflect.Constructor.newInstanceWithCaller(Constructor.java:499)
	at java.base/java.lang.reflect.Constructor.newInstance(Constructor.java:483)
	at org.openqa.selenium.remote.W3CHandshakeResponse.lambda$errorHandler$0(W3CHandshakeResponse.java:62)
	at org.openqa.selenium.remote.HandshakeResponse.lambda$getResponseFunction$0(HandshakeResponse.java:30)
	at org.openqa.selenium.remote.ProtocolHandshake.lambda$createSession$0(ProtocolHandshake.java:126)
	at java.base/java.util.stream.ReferencePipeline$3$1.accept(ReferencePipeline.java:197)
	at java.base/java.util.Spliterators$ArraySpliterator.tryAdvance(Spliterators.java:1002)
	at java.base/java.util.stream.ReferencePipeline.forEachWithCancel(ReferencePipeline.java:129)
	at java.base/java.util.stream.AbstractPipeline.copyIntoWithCancel(AbstractPipeline.java:527)
	at java.base/java.util.stream.AbstractPipeline.copyInto(AbstractPipeline.java:513)
	at java.base/java.util.stream.AbstractPipeline.wrapAndCopyInto(AbstractPipeline.java:499)
	at java.base/java.util.stream.FindOps$FindOp.evaluateSequential(FindOps.java:150)
	at java.base/java.util.stream.AbstractPipeline.evaluate(AbstractPipeline.java:234)
	at java.base/java.util.stream.ReferencePipeline.findFirst(ReferencePipeline.java:647)
	at org.openqa.selenium.remote.ProtocolHandshake.createSession(ProtocolHandshake.java:128)
	at org.openqa.selenium.remote.ProtocolHandshake.createSession(ProtocolHandshake.java:74)
	at org.openqa.selenium.remote.HttpCommandExecutor.execute(HttpCommandExecutor.java:136)
	at org.openqa.selenium.remote.service.DriverCommandExecutor.execute(DriverCommandExecutor.java:83)
	at org.openqa.selenium.remote.RemoteWebDriver.execute(RemoteWebDriver.java:552)
	at org.openqa.selenium.remote.RemoteWebDriver.startSession(RemoteWebDriver.java:213)
	at org.openqa.selenium.remote.RemoteWebDriver.&lt;init&gt;(RemoteWebDriver.java:131)
	at org.openqa.selenium.edge.EdgeDriver.&lt;init&gt;(EdgeDriver.java:141)
	at org.openqa.selenium.edge.EdgeDriver.&lt;init&gt;(EdgeDriver.java:96)
	at base_library.BaseLibrary.launch_browser(BaseLibrary.java:43)
	at testingbaba_test.ModalDialogsTest.lunchURL(ModalDialogsTest.java:16)
	at java.base/jdk.internal.reflect.DirectMethodHandleAccessor.invoke(DirectMethodHandleAccessor.java:104)
	at java.base/java.lang.reflect.Method.invoke(Method.java:577)
	at org.testng.internal.invokers.MethodInvocationHelper.invokeMethod(MethodInvocationHelper.java:139)
	at org.testng.internal.invokers.MethodInvocationHelper.invokeMethodConsideringTimeout(MethodInvocationHelper.java:69)
	at org.testng.internal.invokers.ConfigInvoker.invokeConfigurationMethod(ConfigInvoker.java:390)
	at org.testng.internal.invokers.ConfigInvoker.invokeConfigurations(ConfigInvoker.java:325)
	at org.testng.TestRunner.invokeTestConfigurations(TestRunner.java:663)
	at org.testng.TestRunner.beforeRun(TestRunner.java:652)
	at org.testng.TestRunner.run(TestRunner.java:614)
	at org.testng.SuiteRunner.runTest(SuiteRunner.java:443)
	at org.testng.SuiteRunner.runSequentially(SuiteRunner.java:437)
	at org.testng.SuiteRunner.privateRun(SuiteRunner.java:397)
	at org.testng.SuiteRunner.run(SuiteRunner.java:336)
	at org.testng.SuiteRunnerWorker.runSuite(SuiteRunnerWorker.java:52)
	at org.testng.SuiteRunnerWorker.run(SuiteRunnerWorker.java:95)
	at org.testng.TestNG.runSuitesSequentially(TestNG.java:1280)
	at org.testng.TestNG.runSuitesLocally(TestNG.java:1200)
	at org.testng.TestNG.runSuites(TestNG.java:1114)
	at org.testng.TestNG.run(TestNG.java:1082)
	at org.testng.remote.AbstractRemoteTestNG.run(AbstractRemoteTestNG.java:115)
	at org.testng.remote.RemoteTestNG.initAndRun(RemoteTestNG.java:251)
	at org.testng.remote.RemoteTestNG.main(RemoteTestNG.java:77)
</pre></div></td>
<td>0</td>
<td>testingbaba_test.ModalDialogsTest@4c39bec8</td></tr>
<tr>
<td title='testingbaba_test.ModalDialogsTest.hitSmallModal()'><b>hitSmallModal</b><br>Test class: testingbaba_test.ModalDialogsTest</td>
<td><div><pre>org.openqa.selenium.SessionNotCreatedException: session not created: This version of Microsoft Edge WebDriver only supports Microsoft Edge version 119
Current browser version is 121.0.2277.83 with binary path C:\Program Files (x86)\Microsoft\Edge\Application\msedge.exe
Build info: version: &apos;3.141.59&apos;, revision: &apos;e82be7d358&apos;, time: &apos;2018-11-14T08:17:03&apos;
System info: host: &apos;LAPTOP-GD3BOCG7&apos;, ip: &apos;192.168.183.135&apos;, os.name: &apos;Windows 11&apos;, os.arch: &apos;amd64&apos;, os.version: &apos;10.0&apos;, java.version: &apos;18.0.2.1&apos;
Driver info: driver.version: EdgeDriver
remote stacktrace: 	GetHandleVerifier [0x00007FF66A275462+60322]
	Microsoft::Applications::Events::ILogConfiguration::operator* [0x00007FF66A1FA412+245298]
	(No symbol) [0x00007FF669FC9CE9]
	(No symbol) [0x00007FF66A0090B9]
	(No symbol) [0x00007FF66A0082B5]
	(No symbol) [0x00007FF66A001EB2]
	(No symbol) [0x00007FF669FFD1CB]
	(No symbol) [0x00007FF66A04428F]
	(No symbol) [0x00007FF66A03B8B3]
	(No symbol) [0x00007FF66A00C5C3]
	(No symbol) [0x00007FF66A00B9D3]
	(No symbol) [0x00007FF66A00CD54]
	Microsoft::Applications::Events::EventProperty::to_string [0x00007FF66A452084+1154308]
	(No symbol) [0x00007FF66A08E656]
	Microsoft::Applications::Events::EventProperty::clear [0x00007FF66A150AD3+36579]
	Microsoft::Applications::Events::EventProperty::clear [0x00007FF66A1489FD+3597]
	Microsoft::Applications::Events::EventProperty::to_string [0x00007FF66A450DC4+1149508]
	Microsoft::Applications::Events::ILogConfiguration::operator* [0x00007FF66A203DC8+284648]
	Microsoft::Applications::Events::ILogConfiguration::operator* [0x00007FF66A1FFB54+267636]
	Microsoft::Applications::Events::ILogConfiguration::operator* [0x00007FF66A1FFC82+267938]
	Microsoft::Applications::Events::ILogConfiguration::operator* [0x00007FF66A1F2B31+214353]
	BaseThreadInitThunk [0x00007FFD9765257D+29]
	RtlUserThreadStart [0x00007FFD9812AA58+40]

	at org.openqa.selenium.remote.W3CHandshakeResponse.lambda$errorHandler$0(W3CHandshakeResponse.java:62)
	at org.openqa.selenium.remote.HandshakeResponse.lambda$getResponseFunction$0(HandshakeResponse.java:30)
	at org.openqa.selenium.remote.ProtocolHandshake.lambda$createSession$0(ProtocolHandshake.java:126)
	at java.base/java.util.stream.ReferencePipeline$3$1.accept(ReferencePipeline.java:197)
	at java.base/java.util.Spliterators$ArraySpliterator.tryAdvance(Spliterators.java:1002)
	at java.base/java.util.stream.ReferencePipeline.forEachWithCancel(ReferencePipeline.java:129)
	at java.base/java.util.stream.AbstractPipeline.copyIntoWithCancel(AbstractPipeline.java:527)
	at java.base/java.util.stream.AbstractPipeline.copyInto(AbstractPipeline.java:513)
	at java.base/java.util.stream.AbstractPipeline.wrapAndCopyInto(AbstractPipeline.java:499)
	at java.base/java.util.stream.FindOps$FindOp.evaluateSequential(FindOps.java:150)
	at java.base/java.util.stream.AbstractPipeline.evaluate(AbstractPipeline.java:234)
	at java.base/java.util.stream.ReferencePipeline.findFirst(ReferencePipeline.java:647)
	at org.openqa.selenium.remote.ProtocolHandshake.createSession(ProtocolHandshake.java:128)
	at org.openqa.selenium.remote.ProtocolHandshake.createSession(ProtocolHandshake.java:74)
	at org.openqa.selenium.remote.HttpCommandExecutor.execute(HttpCommandExecutor.java:136)
	at org.openqa.selenium.remote.service.DriverCommandExecutor.execute(DriverCommandExecutor.java:83)
	at org.openqa.selenium.remote.RemoteWebDriver.execute(RemoteWebDriver.java:552)
	at org.openqa.selenium.remote.RemoteWebDriver.startSession(RemoteWebDriver.java:213)
	at org.openqa.selenium.remote.RemoteWebDriver.&lt;init&gt;(RemoteWebDriver.java:131)
	at org.openqa.selenium.edge.EdgeDriver.&lt;init&gt;(EdgeDriver.java:141)
	at org.openqa.selenium.edge.EdgeDriver.&lt;init&gt;(EdgeDriver.java:96)
	at base_library.BaseLibrary.launch_browser(BaseLibrary.java:43)
	at testingbaba_test.ModalDialogsTest.lunchURL(ModalDialogsTest.java:16)
... Removed 25 stack frames</pre></div><a href='#' onClick='toggleBox("stack-trace2002790740", this, "Click to show all stack frames", "Click to hide stack frames")'>Click to show all stack frames</a>
<div class='stack-trace' id='stack-trace2002790740'><pre>org.openqa.selenium.SessionNotCreatedException: session not created: This version of Microsoft Edge WebDriver only supports Microsoft Edge version 119
Current browser version is 121.0.2277.83 with binary path C:\Program Files (x86)\Microsoft\Edge\Application\msedge.exe
Build info: version: &apos;3.141.59&apos;, revision: &apos;e82be7d358&apos;, time: &apos;2018-11-14T08:17:03&apos;
System info: host: &apos;LAPTOP-GD3BOCG7&apos;, ip: &apos;192.168.183.135&apos;, os.name: &apos;Windows 11&apos;, os.arch: &apos;amd64&apos;, os.version: &apos;10.0&apos;, java.version: &apos;18.0.2.1&apos;
Driver info: driver.version: EdgeDriver
remote stacktrace: 	GetHandleVerifier [0x00007FF66A275462+60322]
	Microsoft::Applications::Events::ILogConfiguration::operator* [0x00007FF66A1FA412+245298]
	(No symbol) [0x00007FF669FC9CE9]
	(No symbol) [0x00007FF66A0090B9]
	(No symbol) [0x00007FF66A0082B5]
	(No symbol) [0x00007FF66A001EB2]
	(No symbol) [0x00007FF669FFD1CB]
	(No symbol) [0x00007FF66A04428F]
	(No symbol) [0x00007FF66A03B8B3]
	(No symbol) [0x00007FF66A00C5C3]
	(No symbol) [0x00007FF66A00B9D3]
	(No symbol) [0x00007FF66A00CD54]
	Microsoft::Applications::Events::EventProperty::to_string [0x00007FF66A452084+1154308]
	(No symbol) [0x00007FF66A08E656]
	Microsoft::Applications::Events::EventProperty::clear [0x00007FF66A150AD3+36579]
	Microsoft::Applications::Events::EventProperty::clear [0x00007FF66A1489FD+3597]
	Microsoft::Applications::Events::EventProperty::to_string [0x00007FF66A450DC4+1149508]
	Microsoft::Applications::Events::ILogConfiguration::operator* [0x00007FF66A203DC8+284648]
	Microsoft::Applications::Events::ILogConfiguration::operator* [0x00007FF66A1FFB54+267636]
	Microsoft::Applications::Events::ILogConfiguration::operator* [0x00007FF66A1FFC82+267938]
	Microsoft::Applications::Events::ILogConfiguration::operator* [0x00007FF66A1F2B31+214353]
	BaseThreadInitThunk [0x00007FFD9765257D+29]
	RtlUserThreadStart [0x00007FFD9812AA58+40]

	at java.base/jdk.internal.reflect.DirectConstructorHandleAccessor.newInstance(DirectConstructorHandleAccessor.java:67)
	at java.base/java.lang.reflect.Constructor.newInstanceWithCaller(Constructor.java:499)
	at java.base/java.lang.reflect.Constructor.newInstance(Constructor.java:483)
	at org.openqa.selenium.remote.W3CHandshakeResponse.lambda$errorHandler$0(W3CHandshakeResponse.java:62)
	at org.openqa.selenium.remote.HandshakeResponse.lambda$getResponseFunction$0(HandshakeResponse.java:30)
	at org.openqa.selenium.remote.ProtocolHandshake.lambda$createSession$0(ProtocolHandshake.java:126)
	at java.base/java.util.stream.ReferencePipeline$3$1.accept(ReferencePipeline.java:197)
	at java.base/java.util.Spliterators$ArraySpliterator.tryAdvance(Spliterators.java:1002)
	at java.base/java.util.stream.ReferencePipeline.forEachWithCancel(ReferencePipeline.java:129)
	at java.base/java.util.stream.AbstractPipeline.copyIntoWithCancel(AbstractPipeline.java:527)
	at java.base/java.util.stream.AbstractPipeline.copyInto(AbstractPipeline.java:513)
	at java.base/java.util.stream.AbstractPipeline.wrapAndCopyInto(AbstractPipeline.java:499)
	at java.base/java.util.stream.FindOps$FindOp.evaluateSequential(FindOps.java:150)
	at java.base/java.util.stream.AbstractPipeline.evaluate(AbstractPipeline.java:234)
	at java.base/java.util.stream.ReferencePipeline.findFirst(ReferencePipeline.java:647)
	at org.openqa.selenium.remote.ProtocolHandshake.createSession(ProtocolHandshake.java:128)
	at org.openqa.selenium.remote.ProtocolHandshake.createSession(ProtocolHandshake.java:74)
	at org.openqa.selenium.remote.HttpCommandExecutor.execute(HttpCommandExecutor.java:136)
	at org.openqa.selenium.remote.service.DriverCommandExecutor.execute(DriverCommandExecutor.java:83)
	at org.openqa.selenium.remote.RemoteWebDriver.execute(RemoteWebDriver.java:552)
	at org.openqa.selenium.remote.RemoteWebDriver.startSession(RemoteWebDriver.java:213)
	at org.openqa.selenium.remote.RemoteWebDriver.&lt;init&gt;(RemoteWebDriver.java:131)
	at org.openqa.selenium.edge.EdgeDriver.&lt;init&gt;(EdgeDriver.java:141)
	at org.openqa.selenium.edge.EdgeDriver.&lt;init&gt;(EdgeDriver.java:96)
	at base_library.BaseLibrary.launch_browser(BaseLibrary.java:43)
	at testingbaba_test.ModalDialogsTest.lunchURL(ModalDialogsTest.java:16)
	at java.base/jdk.internal.reflect.DirectMethodHandleAccessor.invoke(DirectMethodHandleAccessor.java:104)
	at java.base/java.lang.reflect.Method.invoke(Method.java:577)
	at org.testng.internal.invokers.MethodInvocationHelper.invokeMethod(MethodInvocationHelper.java:139)
	at org.testng.internal.invokers.MethodInvocationHelper.invokeMethodConsideringTimeout(MethodInvocationHelper.java:69)
	at org.testng.internal.invokers.ConfigInvoker.invokeConfigurationMethod(ConfigInvoker.java:390)
	at org.testng.internal.invokers.ConfigInvoker.invokeConfigurations(ConfigInvoker.java:325)
	at org.testng.TestRunner.invokeTestConfigurations(TestRunner.java:663)
	at org.testng.TestRunner.beforeRun(TestRunner.java:652)
	at org.testng.TestRunner.run(TestRunner.java:614)
	at org.testng.SuiteRunner.runTest(SuiteRunner.java:443)
	at org.testng.SuiteRunner.runSequentially(SuiteRunner.java:437)
	at org.testng.SuiteRunner.privateRun(SuiteRunner.java:397)
	at org.testng.SuiteRunner.run(SuiteRunner.java:336)
	at org.testng.SuiteRunnerWorker.runSuite(SuiteRunnerWorker.java:52)
	at org.testng.SuiteRunnerWorker.run(SuiteRunnerWorker.java:95)
	at org.testng.TestNG.runSuitesSequentially(TestNG.java:1280)
	at org.testng.TestNG.runSuitesLocally(TestNG.java:1200)
	at org.testng.TestNG.runSuites(TestNG.java:1114)
	at org.testng.TestNG.run(TestNG.java:1082)
	at org.testng.remote.AbstractRemoteTestNG.run(AbstractRemoteTestNG.java:115)
	at org.testng.remote.RemoteTestNG.initAndRun(RemoteTestNG.java:251)
	at org.testng.remote.RemoteTestNG.main(RemoteTestNG.java:77)
</pre></div></td>
<td>0</td>
<td>testingbaba_test.ModalDialogsTest@4c39bec8</td></tr>
<tr>
<td title='testingbaba_test.ModalDialogsTest.hitLargeModalText()'><b>hitLargeModalText</b><br>Test class: testingbaba_test.ModalDialogsTest</td>
<td><div><pre>org.openqa.selenium.SessionNotCreatedException: session not created: This version of Microsoft Edge WebDriver only supports Microsoft Edge version 119
Current browser version is 121.0.2277.83 with binary path C:\Program Files (x86)\Microsoft\Edge\Application\msedge.exe
Build info: version: &apos;3.141.59&apos;, revision: &apos;e82be7d358&apos;, time: &apos;2018-11-14T08:17:03&apos;
System info: host: &apos;LAPTOP-GD3BOCG7&apos;, ip: &apos;192.168.183.135&apos;, os.name: &apos;Windows 11&apos;, os.arch: &apos;amd64&apos;, os.version: &apos;10.0&apos;, java.version: &apos;18.0.2.1&apos;
Driver info: driver.version: EdgeDriver
remote stacktrace: 	GetHandleVerifier [0x00007FF66A275462+60322]
	Microsoft::Applications::Events::ILogConfiguration::operator* [0x00007FF66A1FA412+245298]
	(No symbol) [0x00007FF669FC9CE9]
	(No symbol) [0x00007FF66A0090B9]
	(No symbol) [0x00007FF66A0082B5]
	(No symbol) [0x00007FF66A001EB2]
	(No symbol) [0x00007FF669FFD1CB]
	(No symbol) [0x00007FF66A04428F]
	(No symbol) [0x00007FF66A03B8B3]
	(No symbol) [0x00007FF66A00C5C3]
	(No symbol) [0x00007FF66A00B9D3]
	(No symbol) [0x00007FF66A00CD54]
	Microsoft::Applications::Events::EventProperty::to_string [0x00007FF66A452084+1154308]
	(No symbol) [0x00007FF66A08E656]
	Microsoft::Applications::Events::EventProperty::clear [0x00007FF66A150AD3+36579]
	Microsoft::Applications::Events::EventProperty::clear [0x00007FF66A1489FD+3597]
	Microsoft::Applications::Events::EventProperty::to_string [0x00007FF66A450DC4+1149508]
	Microsoft::Applications::Events::ILogConfiguration::operator* [0x00007FF66A203DC8+284648]
	Microsoft::Applications::Events::ILogConfiguration::operator* [0x00007FF66A1FFB54+267636]
	Microsoft::Applications::Events::ILogConfiguration::operator* [0x00007FF66A1FFC82+267938]
	Microsoft::Applications::Events::ILogConfiguration::operator* [0x00007FF66A1F2B31+214353]
	BaseThreadInitThunk [0x00007FFD9765257D+29]
	RtlUserThreadStart [0x00007FFD9812AA58+40]

	at org.openqa.selenium.remote.W3CHandshakeResponse.lambda$errorHandler$0(W3CHandshakeResponse.java:62)
	at org.openqa.selenium.remote.HandshakeResponse.lambda$getResponseFunction$0(HandshakeResponse.java:30)
	at org.openqa.selenium.remote.ProtocolHandshake.lambda$createSession$0(ProtocolHandshake.java:126)
	at java.base/java.util.stream.ReferencePipeline$3$1.accept(ReferencePipeline.java:197)
	at java.base/java.util.Spliterators$ArraySpliterator.tryAdvance(Spliterators.java:1002)
	at java.base/java.util.stream.ReferencePipeline.forEachWithCancel(ReferencePipeline.java:129)
	at java.base/java.util.stream.AbstractPipeline.copyIntoWithCancel(AbstractPipeline.java:527)
	at java.base/java.util.stream.AbstractPipeline.copyInto(AbstractPipeline.java:513)
	at java.base/java.util.stream.AbstractPipeline.wrapAndCopyInto(AbstractPipeline.java:499)
	at java.base/java.util.stream.FindOps$FindOp.evaluateSequential(FindOps.java:150)
	at java.base/java.util.stream.AbstractPipeline.evaluate(AbstractPipeline.java:234)
	at java.base/java.util.stream.ReferencePipeline.findFirst(ReferencePipeline.java:647)
	at org.openqa.selenium.remote.ProtocolHandshake.createSession(ProtocolHandshake.java:128)
	at org.openqa.selenium.remote.ProtocolHandshake.createSession(ProtocolHandshake.java:74)
	at org.openqa.selenium.remote.HttpCommandExecutor.execute(HttpCommandExecutor.java:136)
	at org.openqa.selenium.remote.service.DriverCommandExecutor.execute(DriverCommandExecutor.java:83)
	at org.openqa.selenium.remote.RemoteWebDriver.execute(RemoteWebDriver.java:552)
	at org.openqa.selenium.remote.RemoteWebDriver.startSession(RemoteWebDriver.java:213)
	at org.openqa.selenium.remote.RemoteWebDriver.&lt;init&gt;(RemoteWebDriver.java:131)
	at org.openqa.selenium.edge.EdgeDriver.&lt;init&gt;(EdgeDriver.java:141)
	at org.openqa.selenium.edge.EdgeDriver.&lt;init&gt;(EdgeDriver.java:96)
	at base_library.BaseLibrary.launch_browser(BaseLibrary.java:43)
	at testingbaba_test.ModalDialogsTest.lunchURL(ModalDialogsTest.java:16)
... Removed 25 stack frames</pre></div><a href='#' onClick='toggleBox("stack-trace742255664", this, "Click to show all stack frames", "Click to hide stack frames")'>Click to show all stack frames</a>
<div class='stack-trace' id='stack-trace742255664'><pre>org.openqa.selenium.SessionNotCreatedException: session not created: This version of Microsoft Edge WebDriver only supports Microsoft Edge version 119
Current browser version is 121.0.2277.83 with binary path C:\Program Files (x86)\Microsoft\Edge\Application\msedge.exe
Build info: version: &apos;3.141.59&apos;, revision: &apos;e82be7d358&apos;, time: &apos;2018-11-14T08:17:03&apos;
System info: host: &apos;LAPTOP-GD3BOCG7&apos;, ip: &apos;192.168.183.135&apos;, os.name: &apos;Windows 11&apos;, os.arch: &apos;amd64&apos;, os.version: &apos;10.0&apos;, java.version: &apos;18.0.2.1&apos;
Driver info: driver.version: EdgeDriver
remote stacktrace: 	GetHandleVerifier [0x00007FF66A275462+60322]
	Microsoft::Applications::Events::ILogConfiguration::operator* [0x00007FF66A1FA412+245298]
	(No symbol) [0x00007FF669FC9CE9]
	(No symbol) [0x00007FF66A0090B9]
	(No symbol) [0x00007FF66A0082B5]
	(No symbol) [0x00007FF66A001EB2]
	(No symbol) [0x00007FF669FFD1CB]
	(No symbol) [0x00007FF66A04428F]
	(No symbol) [0x00007FF66A03B8B3]
	(No symbol) [0x00007FF66A00C5C3]
	(No symbol) [0x00007FF66A00B9D3]
	(No symbol) [0x00007FF66A00CD54]
	Microsoft::Applications::Events::EventProperty::to_string [0x00007FF66A452084+1154308]
	(No symbol) [0x00007FF66A08E656]
	Microsoft::Applications::Events::EventProperty::clear [0x00007FF66A150AD3+36579]
	Microsoft::Applications::Events::EventProperty::clear [0x00007FF66A1489FD+3597]
	Microsoft::Applications::Events::EventProperty::to_string [0x00007FF66A450DC4+1149508]
	Microsoft::Applications::Events::ILogConfiguration::operator* [0x00007FF66A203DC8+284648]
	Microsoft::Applications::Events::ILogConfiguration::operator* [0x00007FF66A1FFB54+267636]
	Microsoft::Applications::Events::ILogConfiguration::operator* [0x00007FF66A1FFC82+267938]
	Microsoft::Applications::Events::ILogConfiguration::operator* [0x00007FF66A1F2B31+214353]
	BaseThreadInitThunk [0x00007FFD9765257D+29]
	RtlUserThreadStart [0x00007FFD9812AA58+40]

	at java.base/jdk.internal.reflect.DirectConstructorHandleAccessor.newInstance(DirectConstructorHandleAccessor.java:67)
	at java.base/java.lang.reflect.Constructor.newInstanceWithCaller(Constructor.java:499)
	at java.base/java.lang.reflect.Constructor.newInstance(Constructor.java:483)
	at org.openqa.selenium.remote.W3CHandshakeResponse.lambda$errorHandler$0(W3CHandshakeResponse.java:62)
	at org.openqa.selenium.remote.HandshakeResponse.lambda$getResponseFunction$0(HandshakeResponse.java:30)
	at org.openqa.selenium.remote.ProtocolHandshake.lambda$createSession$0(ProtocolHandshake.java:126)
	at java.base/java.util.stream.ReferencePipeline$3$1.accept(ReferencePipeline.java:197)
	at java.base/java.util.Spliterators$ArraySpliterator.tryAdvance(Spliterators.java:1002)
	at java.base/java.util.stream.ReferencePipeline.forEachWithCancel(ReferencePipeline.java:129)
	at java.base/java.util.stream.AbstractPipeline.copyIntoWithCancel(AbstractPipeline.java:527)
	at java.base/java.util.stream.AbstractPipeline.copyInto(AbstractPipeline.java:513)
	at java.base/java.util.stream.AbstractPipeline.wrapAndCopyInto(AbstractPipeline.java:499)
	at java.base/java.util.stream.FindOps$FindOp.evaluateSequential(FindOps.java:150)
	at java.base/java.util.stream.AbstractPipeline.evaluate(AbstractPipeline.java:234)
	at java.base/java.util.stream.ReferencePipeline.findFirst(ReferencePipeline.java:647)
	at org.openqa.selenium.remote.ProtocolHandshake.createSession(ProtocolHandshake.java:128)
	at org.openqa.selenium.remote.ProtocolHandshake.createSession(ProtocolHandshake.java:74)
	at org.openqa.selenium.remote.HttpCommandExecutor.execute(HttpCommandExecutor.java:136)
	at org.openqa.selenium.remote.service.DriverCommandExecutor.execute(DriverCommandExecutor.java:83)
	at org.openqa.selenium.remote.RemoteWebDriver.execute(RemoteWebDriver.java:552)
	at org.openqa.selenium.remote.RemoteWebDriver.startSession(RemoteWebDriver.java:213)
	at org.openqa.selenium.remote.RemoteWebDriver.&lt;init&gt;(RemoteWebDriver.java:131)
	at org.openqa.selenium.edge.EdgeDriver.&lt;init&gt;(EdgeDriver.java:141)
	at org.openqa.selenium.edge.EdgeDriver.&lt;init&gt;(EdgeDriver.java:96)
	at base_library.BaseLibrary.launch_browser(BaseLibrary.java:43)
	at testingbaba_test.ModalDialogsTest.lunchURL(ModalDialogsTest.java:16)
	at java.base/jdk.internal.reflect.DirectMethodHandleAccessor.invoke(DirectMethodHandleAccessor.java:104)
	at java.base/java.lang.reflect.Method.invoke(Method.java:577)
	at org.testng.internal.invokers.MethodInvocationHelper.invokeMethod(MethodInvocationHelper.java:139)
	at org.testng.internal.invokers.MethodInvocationHelper.invokeMethodConsideringTimeout(MethodInvocationHelper.java:69)
	at org.testng.internal.invokers.ConfigInvoker.invokeConfigurationMethod(ConfigInvoker.java:390)
	at org.testng.internal.invokers.ConfigInvoker.invokeConfigurations(ConfigInvoker.java:325)
	at org.testng.TestRunner.invokeTestConfigurations(TestRunner.java:663)
	at org.testng.TestRunner.beforeRun(TestRunner.java:652)
	at org.testng.TestRunner.run(TestRunner.java:614)
	at org.testng.SuiteRunner.runTest(SuiteRunner.java:443)
	at org.testng.SuiteRunner.runSequentially(SuiteRunner.java:437)
	at org.testng.SuiteRunner.privateRun(SuiteRunner.java:397)
	at org.testng.SuiteRunner.run(SuiteRunner.java:336)
	at org.testng.SuiteRunnerWorker.runSuite(SuiteRunnerWorker.java:52)
	at org.testng.SuiteRunnerWorker.run(SuiteRunnerWorker.java:95)
	at org.testng.TestNG.runSuitesSequentially(TestNG.java:1280)
	at org.testng.TestNG.runSuitesLocally(TestNG.java:1200)
	at org.testng.TestNG.runSuites(TestNG.java:1114)
	at org.testng.TestNG.run(TestNG.java:1082)
	at org.testng.remote.AbstractRemoteTestNG.run(AbstractRemoteTestNG.java:115)
	at org.testng.remote.RemoteTestNG.initAndRun(RemoteTestNG.java:251)
	at org.testng.remote.RemoteTestNG.main(RemoteTestNG.java:77)
</pre></div></td>
<td>0</td>
<td>testingbaba_test.ModalDialogsTest@4c39bec8</td></tr>
<tr>
<td title='testingbaba_test.ModalDialogsTest.hitAlertsFrame()'><b>hitAlertsFrame</b><br>Test class: testingbaba_test.ModalDialogsTest</td>
<td><div><pre>org.openqa.selenium.SessionNotCreatedException: session not created: This version of Microsoft Edge WebDriver only supports Microsoft Edge version 119
Current browser version is 121.0.2277.83 with binary path C:\Program Files (x86)\Microsoft\Edge\Application\msedge.exe
Build info: version: &apos;3.141.59&apos;, revision: &apos;e82be7d358&apos;, time: &apos;2018-11-14T08:17:03&apos;
System info: host: &apos;LAPTOP-GD3BOCG7&apos;, ip: &apos;192.168.183.135&apos;, os.name: &apos;Windows 11&apos;, os.arch: &apos;amd64&apos;, os.version: &apos;10.0&apos;, java.version: &apos;18.0.2.1&apos;
Driver info: driver.version: EdgeDriver
remote stacktrace: 	GetHandleVerifier [0x00007FF66A275462+60322]
	Microsoft::Applications::Events::ILogConfiguration::operator* [0x00007FF66A1FA412+245298]
	(No symbol) [0x00007FF669FC9CE9]
	(No symbol) [0x00007FF66A0090B9]
	(No symbol) [0x00007FF66A0082B5]
	(No symbol) [0x00007FF66A001EB2]
	(No symbol) [0x00007FF669FFD1CB]
	(No symbol) [0x00007FF66A04428F]
	(No symbol) [0x00007FF66A03B8B3]
	(No symbol) [0x00007FF66A00C5C3]
	(No symbol) [0x00007FF66A00B9D3]
	(No symbol) [0x00007FF66A00CD54]
	Microsoft::Applications::Events::EventProperty::to_string [0x00007FF66A452084+1154308]
	(No symbol) [0x00007FF66A08E656]
	Microsoft::Applications::Events::EventProperty::clear [0x00007FF66A150AD3+36579]
	Microsoft::Applications::Events::EventProperty::clear [0x00007FF66A1489FD+3597]
	Microsoft::Applications::Events::EventProperty::to_string [0x00007FF66A450DC4+1149508]
	Microsoft::Applications::Events::ILogConfiguration::operator* [0x00007FF66A203DC8+284648]
	Microsoft::Applications::Events::ILogConfiguration::operator* [0x00007FF66A1FFB54+267636]
	Microsoft::Applications::Events::ILogConfiguration::operator* [0x00007FF66A1FFC82+267938]
	Microsoft::Applications::Events::ILogConfiguration::operator* [0x00007FF66A1F2B31+214353]
	BaseThreadInitThunk [0x00007FFD9765257D+29]
	RtlUserThreadStart [0x00007FFD9812AA58+40]

	at org.openqa.selenium.remote.W3CHandshakeResponse.lambda$errorHandler$0(W3CHandshakeResponse.java:62)
	at org.openqa.selenium.remote.HandshakeResponse.lambda$getResponseFunction$0(HandshakeResponse.java:30)
	at org.openqa.selenium.remote.ProtocolHandshake.lambda$createSession$0(ProtocolHandshake.java:126)
	at java.base/java.util.stream.ReferencePipeline$3$1.accept(ReferencePipeline.java:197)
	at java.base/java.util.Spliterators$ArraySpliterator.tryAdvance(Spliterators.java:1002)
	at java.base/java.util.stream.ReferencePipeline.forEachWithCancel(ReferencePipeline.java:129)
	at java.base/java.util.stream.AbstractPipeline.copyIntoWithCancel(AbstractPipeline.java:527)
	at java.base/java.util.stream.AbstractPipeline.copyInto(AbstractPipeline.java:513)
	at java.base/java.util.stream.AbstractPipeline.wrapAndCopyInto(AbstractPipeline.java:499)
	at java.base/java.util.stream.FindOps$FindOp.evaluateSequential(FindOps.java:150)
	at java.base/java.util.stream.AbstractPipeline.evaluate(AbstractPipeline.java:234)
	at java.base/java.util.stream.ReferencePipeline.findFirst(ReferencePipeline.java:647)
	at org.openqa.selenium.remote.ProtocolHandshake.createSession(ProtocolHandshake.java:128)
	at org.openqa.selenium.remote.ProtocolHandshake.createSession(ProtocolHandshake.java:74)
	at org.openqa.selenium.remote.HttpCommandExecutor.execute(HttpCommandExecutor.java:136)
	at org.openqa.selenium.remote.service.DriverCommandExecutor.execute(DriverCommandExecutor.java:83)
	at org.openqa.selenium.remote.RemoteWebDriver.execute(RemoteWebDriver.java:552)
	at org.openqa.selenium.remote.RemoteWebDriver.startSession(RemoteWebDriver.java:213)
	at org.openqa.selenium.remote.RemoteWebDriver.&lt;init&gt;(RemoteWebDriver.java:131)
	at org.openqa.selenium.edge.EdgeDriver.&lt;init&gt;(EdgeDriver.java:141)
	at org.openqa.selenium.edge.EdgeDriver.&lt;init&gt;(EdgeDriver.java:96)
	at base_library.BaseLibrary.launch_browser(BaseLibrary.java:43)
	at testingbaba_test.ModalDialogsTest.lunchURL(ModalDialogsTest.java:16)
... Removed 25 stack frames</pre></div><a href='#' onClick='toggleBox("stack-trace1491522744", this, "Click to show all stack frames", "Click to hide stack frames")'>Click to show all stack frames</a>
<div class='stack-trace' id='stack-trace1491522744'><pre>org.openqa.selenium.SessionNotCreatedException: session not created: This version of Microsoft Edge WebDriver only supports Microsoft Edge version 119
Current browser version is 121.0.2277.83 with binary path C:\Program Files (x86)\Microsoft\Edge\Application\msedge.exe
Build info: version: &apos;3.141.59&apos;, revision: &apos;e82be7d358&apos;, time: &apos;2018-11-14T08:17:03&apos;
System info: host: &apos;LAPTOP-GD3BOCG7&apos;, ip: &apos;192.168.183.135&apos;, os.name: &apos;Windows 11&apos;, os.arch: &apos;amd64&apos;, os.version: &apos;10.0&apos;, java.version: &apos;18.0.2.1&apos;
Driver info: driver.version: EdgeDriver
remote stacktrace: 	GetHandleVerifier [0x00007FF66A275462+60322]
	Microsoft::Applications::Events::ILogConfiguration::operator* [0x00007FF66A1FA412+245298]
	(No symbol) [0x00007FF669FC9CE9]
	(No symbol) [0x00007FF66A0090B9]
	(No symbol) [0x00007FF66A0082B5]
	(No symbol) [0x00007FF66A001EB2]
	(No symbol) [0x00007FF669FFD1CB]
	(No symbol) [0x00007FF66A04428F]
	(No symbol) [0x00007FF66A03B8B3]
	(No symbol) [0x00007FF66A00C5C3]
	(No symbol) [0x00007FF66A00B9D3]
	(No symbol) [0x00007FF66A00CD54]
	Microsoft::Applications::Events::EventProperty::to_string [0x00007FF66A452084+1154308]
	(No symbol) [0x00007FF66A08E656]
	Microsoft::Applications::Events::EventProperty::clear [0x00007FF66A150AD3+36579]
	Microsoft::Applications::Events::EventProperty::clear [0x00007FF66A1489FD+3597]
	Microsoft::Applications::Events::EventProperty::to_string [0x00007FF66A450DC4+1149508]
	Microsoft::Applications::Events::ILogConfiguration::operator* [0x00007FF66A203DC8+284648]
	Microsoft::Applications::Events::ILogConfiguration::operator* [0x00007FF66A1FFB54+267636]
	Microsoft::Applications::Events::ILogConfiguration::operator* [0x00007FF66A1FFC82+267938]
	Microsoft::Applications::Events::ILogConfiguration::operator* [0x00007FF66A1F2B31+214353]
	BaseThreadInitThunk [0x00007FFD9765257D+29]
	RtlUserThreadStart [0x00007FFD9812AA58+40]

	at java.base/jdk.internal.reflect.DirectConstructorHandleAccessor.newInstance(DirectConstructorHandleAccessor.java:67)
	at java.base/java.lang.reflect.Constructor.newInstanceWithCaller(Constructor.java:499)
	at java.base/java.lang.reflect.Constructor.newInstance(Constructor.java:483)
	at org.openqa.selenium.remote.W3CHandshakeResponse.lambda$errorHandler$0(W3CHandshakeResponse.java:62)
	at org.openqa.selenium.remote.HandshakeResponse.lambda$getResponseFunction$0(HandshakeResponse.java:30)
	at org.openqa.selenium.remote.ProtocolHandshake.lambda$createSession$0(ProtocolHandshake.java:126)
	at java.base/java.util.stream.ReferencePipeline$3$1.accept(ReferencePipeline.java:197)
	at java.base/java.util.Spliterators$ArraySpliterator.tryAdvance(Spliterators.java:1002)
	at java.base/java.util.stream.ReferencePipeline.forEachWithCancel(ReferencePipeline.java:129)
	at java.base/java.util.stream.AbstractPipeline.copyIntoWithCancel(AbstractPipeline.java:527)
	at java.base/java.util.stream.AbstractPipeline.copyInto(AbstractPipeline.java:513)
	at java.base/java.util.stream.AbstractPipeline.wrapAndCopyInto(AbstractPipeline.java:499)
	at java.base/java.util.stream.FindOps$FindOp.evaluateSequential(FindOps.java:150)
	at java.base/java.util.stream.AbstractPipeline.evaluate(AbstractPipeline.java:234)
	at java.base/java.util.stream.ReferencePipeline.findFirst(ReferencePipeline.java:647)
	at org.openqa.selenium.remote.ProtocolHandshake.createSession(ProtocolHandshake.java:128)
	at org.openqa.selenium.remote.ProtocolHandshake.createSession(ProtocolHandshake.java:74)
	at org.openqa.selenium.remote.HttpCommandExecutor.execute(HttpCommandExecutor.java:136)
	at org.openqa.selenium.remote.service.DriverCommandExecutor.execute(DriverCommandExecutor.java:83)
	at org.openqa.selenium.remote.RemoteWebDriver.execute(RemoteWebDriver.java:552)
	at org.openqa.selenium.remote.RemoteWebDriver.startSession(RemoteWebDriver.java:213)
	at org.openqa.selenium.remote.RemoteWebDriver.&lt;init&gt;(RemoteWebDriver.java:131)
	at org.openqa.selenium.edge.EdgeDriver.&lt;init&gt;(EdgeDriver.java:141)
	at org.openqa.selenium.edge.EdgeDriver.&lt;init&gt;(EdgeDriver.java:96)
	at base_library.BaseLibrary.launch_browser(BaseLibrary.java:43)
	at testingbaba_test.ModalDialogsTest.lunchURL(ModalDialogsTest.java:16)
	at java.base/jdk.internal.reflect.DirectMethodHandleAccessor.invoke(DirectMethodHandleAccessor.java:104)
	at java.base/java.lang.reflect.Method.invoke(Method.java:577)
	at org.testng.internal.invokers.MethodInvocationHelper.invokeMethod(MethodInvocationHelper.java:139)
	at org.testng.internal.invokers.MethodInvocationHelper.invokeMethodConsideringTimeout(MethodInvocationHelper.java:69)
	at org.testng.internal.invokers.ConfigInvoker.invokeConfigurationMethod(ConfigInvoker.java:390)
	at org.testng.internal.invokers.ConfigInvoker.invokeConfigurations(ConfigInvoker.java:325)
	at org.testng.TestRunner.invokeTestConfigurations(TestRunner.java:663)
	at org.testng.TestRunner.beforeRun(TestRunner.java:652)
	at org.testng.TestRunner.run(TestRunner.java:614)
	at org.testng.SuiteRunner.runTest(SuiteRunner.java:443)
	at org.testng.SuiteRunner.runSequentially(SuiteRunner.java:437)
	at org.testng.SuiteRunner.privateRun(SuiteRunner.java:397)
	at org.testng.SuiteRunner.run(SuiteRunner.java:336)
	at org.testng.SuiteRunnerWorker.runSuite(SuiteRunnerWorker.java:52)
	at org.testng.SuiteRunnerWorker.run(SuiteRunnerWorker.java:95)
	at org.testng.TestNG.runSuitesSequentially(TestNG.java:1280)
	at org.testng.TestNG.runSuitesLocally(TestNG.java:1200)
	at org.testng.TestNG.runSuites(TestNG.java:1114)
	at org.testng.TestNG.run(TestNG.java:1082)
	at org.testng.remote.AbstractRemoteTestNG.run(AbstractRemoteTestNG.java:115)
	at org.testng.remote.RemoteTestNG.initAndRun(RemoteTestNG.java:251)
	at org.testng.remote.RemoteTestNG.main(RemoteTestNG.java:77)
</pre></div></td>
<td>0</td>
<td>testingbaba_test.ModalDialogsTest@4c39bec8</td></tr>
<tr>
<td title='testingbaba_test.ModalDialogsTest.hitModalDialogs()'><b>hitModalDialogs</b><br>Test class: testingbaba_test.ModalDialogsTest</td>
<td><div><pre>org.openqa.selenium.SessionNotCreatedException: session not created: This version of Microsoft Edge WebDriver only supports Microsoft Edge version 119
Current browser version is 121.0.2277.83 with binary path C:\Program Files (x86)\Microsoft\Edge\Application\msedge.exe
Build info: version: &apos;3.141.59&apos;, revision: &apos;e82be7d358&apos;, time: &apos;2018-11-14T08:17:03&apos;
System info: host: &apos;LAPTOP-GD3BOCG7&apos;, ip: &apos;192.168.183.135&apos;, os.name: &apos;Windows 11&apos;, os.arch: &apos;amd64&apos;, os.version: &apos;10.0&apos;, java.version: &apos;18.0.2.1&apos;
Driver info: driver.version: EdgeDriver
remote stacktrace: 	GetHandleVerifier [0x00007FF66A275462+60322]
	Microsoft::Applications::Events::ILogConfiguration::operator* [0x00007FF66A1FA412+245298]
	(No symbol) [0x00007FF669FC9CE9]
	(No symbol) [0x00007FF66A0090B9]
	(No symbol) [0x00007FF66A0082B5]
	(No symbol) [0x00007FF66A001EB2]
	(No symbol) [0x00007FF669FFD1CB]
	(No symbol) [0x00007FF66A04428F]
	(No symbol) [0x00007FF66A03B8B3]
	(No symbol) [0x00007FF66A00C5C3]
	(No symbol) [0x00007FF66A00B9D3]
	(No symbol) [0x00007FF66A00CD54]
	Microsoft::Applications::Events::EventProperty::to_string [0x00007FF66A452084+1154308]
	(No symbol) [0x00007FF66A08E656]
	Microsoft::Applications::Events::EventProperty::clear [0x00007FF66A150AD3+36579]
	Microsoft::Applications::Events::EventProperty::clear [0x00007FF66A1489FD+3597]
	Microsoft::Applications::Events::EventProperty::to_string [0x00007FF66A450DC4+1149508]
	Microsoft::Applications::Events::ILogConfiguration::operator* [0x00007FF66A203DC8+284648]
	Microsoft::Applications::Events::ILogConfiguration::operator* [0x00007FF66A1FFB54+267636]
	Microsoft::Applications::Events::ILogConfiguration::operator* [0x00007FF66A1FFC82+267938]
	Microsoft::Applications::Events::ILogConfiguration::operator* [0x00007FF66A1F2B31+214353]
	BaseThreadInitThunk [0x00007FFD9765257D+29]
	RtlUserThreadStart [0x00007FFD9812AA58+40]

	at org.openqa.selenium.remote.W3CHandshakeResponse.lambda$errorHandler$0(W3CHandshakeResponse.java:62)
	at org.openqa.selenium.remote.HandshakeResponse.lambda$getResponseFunction$0(HandshakeResponse.java:30)
	at org.openqa.selenium.remote.ProtocolHandshake.lambda$createSession$0(ProtocolHandshake.java:126)
	at java.base/java.util.stream.ReferencePipeline$3$1.accept(ReferencePipeline.java:197)
	at java.base/java.util.Spliterators$ArraySpliterator.tryAdvance(Spliterators.java:1002)
	at java.base/java.util.stream.ReferencePipeline.forEachWithCancel(ReferencePipeline.java:129)
	at java.base/java.util.stream.AbstractPipeline.copyIntoWithCancel(AbstractPipeline.java:527)
	at java.base/java.util.stream.AbstractPipeline.copyInto(AbstractPipeline.java:513)
	at java.base/java.util.stream.AbstractPipeline.wrapAndCopyInto(AbstractPipeline.java:499)
	at java.base/java.util.stream.FindOps$FindOp.evaluateSequential(FindOps.java:150)
	at java.base/java.util.stream.AbstractPipeline.evaluate(AbstractPipeline.java:234)
	at java.base/java.util.stream.ReferencePipeline.findFirst(ReferencePipeline.java:647)
	at org.openqa.selenium.remote.ProtocolHandshake.createSession(ProtocolHandshake.java:128)
	at org.openqa.selenium.remote.ProtocolHandshake.createSession(ProtocolHandshake.java:74)
	at org.openqa.selenium.remote.HttpCommandExecutor.execute(HttpCommandExecutor.java:136)
	at org.openqa.selenium.remote.service.DriverCommandExecutor.execute(DriverCommandExecutor.java:83)
	at org.openqa.selenium.remote.RemoteWebDriver.execute(RemoteWebDriver.java:552)
	at org.openqa.selenium.remote.RemoteWebDriver.startSession(RemoteWebDriver.java:213)
	at org.openqa.selenium.remote.RemoteWebDriver.&lt;init&gt;(RemoteWebDriver.java:131)
	at org.openqa.selenium.edge.EdgeDriver.&lt;init&gt;(EdgeDriver.java:141)
	at org.openqa.selenium.edge.EdgeDriver.&lt;init&gt;(EdgeDriver.java:96)
	at base_library.BaseLibrary.launch_browser(BaseLibrary.java:43)
	at testingbaba_test.ModalDialogsTest.lunchURL(ModalDialogsTest.java:16)
... Removed 25 stack frames</pre></div><a href='#' onClick='toggleBox("stack-trace1692375649", this, "Click to show all stack frames", "Click to hide stack frames")'>Click to show all stack frames</a>
<div class='stack-trace' id='stack-trace1692375649'><pre>org.openqa.selenium.SessionNotCreatedException: session not created: This version of Microsoft Edge WebDriver only supports Microsoft Edge version 119
Current browser version is 121.0.2277.83 with binary path C:\Program Files (x86)\Microsoft\Edge\Application\msedge.exe
Build info: version: &apos;3.141.59&apos;, revision: &apos;e82be7d358&apos;, time: &apos;2018-11-14T08:17:03&apos;
System info: host: &apos;LAPTOP-GD3BOCG7&apos;, ip: &apos;192.168.183.135&apos;, os.name: &apos;Windows 11&apos;, os.arch: &apos;amd64&apos;, os.version: &apos;10.0&apos;, java.version: &apos;18.0.2.1&apos;
Driver info: driver.version: EdgeDriver
remote stacktrace: 	GetHandleVerifier [0x00007FF66A275462+60322]
	Microsoft::Applications::Events::ILogConfiguration::operator* [0x00007FF66A1FA412+245298]
	(No symbol) [0x00007FF669FC9CE9]
	(No symbol) [0x00007FF66A0090B9]
	(No symbol) [0x00007FF66A0082B5]
	(No symbol) [0x00007FF66A001EB2]
	(No symbol) [0x00007FF669FFD1CB]
	(No symbol) [0x00007FF66A04428F]
	(No symbol) [0x00007FF66A03B8B3]
	(No symbol) [0x00007FF66A00C5C3]
	(No symbol) [0x00007FF66A00B9D3]
	(No symbol) [0x00007FF66A00CD54]
	Microsoft::Applications::Events::EventProperty::to_string [0x00007FF66A452084+1154308]
	(No symbol) [0x00007FF66A08E656]
	Microsoft::Applications::Events::EventProperty::clear [0x00007FF66A150AD3+36579]
	Microsoft::Applications::Events::EventProperty::clear [0x00007FF66A1489FD+3597]
	Microsoft::Applications::Events::EventProperty::to_string [0x00007FF66A450DC4+1149508]
	Microsoft::Applications::Events::ILogConfiguration::operator* [0x00007FF66A203DC8+284648]
	Microsoft::Applications::Events::ILogConfiguration::operator* [0x00007FF66A1FFB54+267636]
	Microsoft::Applications::Events::ILogConfiguration::operator* [0x00007FF66A1FFC82+267938]
	Microsoft::Applications::Events::ILogConfiguration::operator* [0x00007FF66A1F2B31+214353]
	BaseThreadInitThunk [0x00007FFD9765257D+29]
	RtlUserThreadStart [0x00007FFD9812AA58+40]

	at java.base/jdk.internal.reflect.DirectConstructorHandleAccessor.newInstance(DirectConstructorHandleAccessor.java:67)
	at java.base/java.lang.reflect.Constructor.newInstanceWithCaller(Constructor.java:499)
	at java.base/java.lang.reflect.Constructor.newInstance(Constructor.java:483)
	at org.openqa.selenium.remote.W3CHandshakeResponse.lambda$errorHandler$0(W3CHandshakeResponse.java:62)
	at org.openqa.selenium.remote.HandshakeResponse.lambda$getResponseFunction$0(HandshakeResponse.java:30)
	at org.openqa.selenium.remote.ProtocolHandshake.lambda$createSession$0(ProtocolHandshake.java:126)
	at java.base/java.util.stream.ReferencePipeline$3$1.accept(ReferencePipeline.java:197)
	at java.base/java.util.Spliterators$ArraySpliterator.tryAdvance(Spliterators.java:1002)
	at java.base/java.util.stream.ReferencePipeline.forEachWithCancel(ReferencePipeline.java:129)
	at java.base/java.util.stream.AbstractPipeline.copyIntoWithCancel(AbstractPipeline.java:527)
	at java.base/java.util.stream.AbstractPipeline.copyInto(AbstractPipeline.java:513)
	at java.base/java.util.stream.AbstractPipeline.wrapAndCopyInto(AbstractPipeline.java:499)
	at java.base/java.util.stream.FindOps$FindOp.evaluateSequential(FindOps.java:150)
	at java.base/java.util.stream.AbstractPipeline.evaluate(AbstractPipeline.java:234)
	at java.base/java.util.stream.ReferencePipeline.findFirst(ReferencePipeline.java:647)
	at org.openqa.selenium.remote.ProtocolHandshake.createSession(ProtocolHandshake.java:128)
	at org.openqa.selenium.remote.ProtocolHandshake.createSession(ProtocolHandshake.java:74)
	at org.openqa.selenium.remote.HttpCommandExecutor.execute(HttpCommandExecutor.java:136)
	at org.openqa.selenium.remote.service.DriverCommandExecutor.execute(DriverCommandExecutor.java:83)
	at org.openqa.selenium.remote.RemoteWebDriver.execute(RemoteWebDriver.java:552)
	at org.openqa.selenium.remote.RemoteWebDriver.startSession(RemoteWebDriver.java:213)
	at org.openqa.selenium.remote.RemoteWebDriver.&lt;init&gt;(RemoteWebDriver.java:131)
	at org.openqa.selenium.edge.EdgeDriver.&lt;init&gt;(EdgeDriver.java:141)
	at org.openqa.selenium.edge.EdgeDriver.&lt;init&gt;(EdgeDriver.java:96)
	at base_library.BaseLibrary.launch_browser(BaseLibrary.java:43)
	at testingbaba_test.ModalDialogsTest.lunchURL(ModalDialogsTest.java:16)
	at java.base/jdk.internal.reflect.DirectMethodHandleAccessor.invoke(DirectMethodHandleAccessor.java:104)
	at java.base/java.lang.reflect.Method.invoke(Method.java:577)
	at org.testng.internal.invokers.MethodInvocationHelper.invokeMethod(MethodInvocationHelper.java:139)
	at org.testng.internal.invokers.MethodInvocationHelper.invokeMethodConsideringTimeout(MethodInvocationHelper.java:69)
	at org.testng.internal.invokers.ConfigInvoker.invokeConfigurationMethod(ConfigInvoker.java:390)
	at org.testng.internal.invokers.ConfigInvoker.invokeConfigurations(ConfigInvoker.java:325)
	at org.testng.TestRunner.invokeTestConfigurations(TestRunner.java:663)
	at org.testng.TestRunner.beforeRun(TestRunner.java:652)
	at org.testng.TestRunner.run(TestRunner.java:614)
	at org.testng.SuiteRunner.runTest(SuiteRunner.java:443)
	at org.testng.SuiteRunner.runSequentially(SuiteRunner.java:437)
	at org.testng.SuiteRunner.privateRun(SuiteRunner.java:397)
	at org.testng.SuiteRunner.run(SuiteRunner.java:336)
	at org.testng.SuiteRunnerWorker.runSuite(SuiteRunnerWorker.java:52)
	at org.testng.SuiteRunnerWorker.run(SuiteRunnerWorker.java:95)
	at org.testng.TestNG.runSuitesSequentially(TestNG.java:1280)
	at org.testng.TestNG.runSuitesLocally(TestNG.java:1200)
	at org.testng.TestNG.runSuites(TestNG.java:1114)
	at org.testng.TestNG.run(TestNG.java:1082)
	at org.testng.remote.AbstractRemoteTestNG.run(AbstractRemoteTestNG.java:115)
	at org.testng.remote.RemoteTestNG.initAndRun(RemoteTestNG.java:251)
	at org.testng.remote.RemoteTestNG.main(RemoteTestNG.java:77)
</pre></div></td>
<td>0</td>
<td>testingbaba_test.ModalDialogsTest@4c39bec8</td></tr>
</table><p>
</body>
</html>