<?xml version="1.0" encoding="UTF-8"?>
<!-- Generated by org.testng.reporters.JUnitReportReporter -->
<testsuite hostname="LAPTOP-GD3BOCG7" failures="0" tests="6" name="testingbaba_test.ModalDialogsTest" time="1.807" errors="1" timestamp="2024-01-27T12:33:29 IST" skipped="5">
  <testcase classname="testingbaba_test.ModalDialogsTest" name="lunchURL" time="1.807">
    <error message="session not created: This version of Microsoft Edge WebDriver only supports Microsoft Edge version 119
Current browser version is 121.0.2277.83 with binary path C:\Program Files (x86)\Microsoft\Edge\Application\msedge.exe
Build info: version: &#039;3.141.59&#039;, revision: &#039;e82be7d358&#039;, time: &#039;2018-11-14T08:17:03&#039;
System info: host: &#039;LAPTOP-GD3BOCG7&#039;, ip: &#039;192.168.183.135&#039;, os.name: &#039;Windows 11&#039;, os.arch: &#039;amd64&#039;, os.version: &#039;10.0&#039;, java.version: &#039;18.0.2.1&#039;
Driver info: driver.version: EdgeDriver
remote stacktrace: 	GetHandleVerifier [0x00007FF66A275462+60322]
	Microsoft::Applications::Events::ILogConfiguration::operator* [0x00007FF66A1FA412+245298]
	(No symbol) [0x00007FF669FC9CE9]
	(No symbol) [0x00007FF66A0090B9]
	(No symbol) [0x00007FF66A0082B5]
	(No symbol) [0x00007FF66A001EB2]
	(No symbol) [0x00007FF669FFD1CB]
	(No symbol) [0x00007FF66A04428F]
	(No symbol) [0x00007FF66A03B8B3]
	(No symbol) [0x00007FF66A00C5C3]
	(No symbol) [0x00007FF66A00B9D3]
	(No symbol) [0x00007FF66A00CD54]
	Microsoft::Applications::Events::EventProperty::to_string [0x00007FF66A452084+1154308]
	(No symbol) [0x00007FF66A08E656]
	Microsoft::Applications::Events::EventProperty::clear [0x00007FF66A150AD3+36579]
	Microsoft::Applications::Events::EventProperty::clear [0x00007FF66A1489FD+3597]
	Microsoft::Applications::Events::EventProperty::to_string [0x00007FF66A450DC4+1149508]
	Microsoft::Applications::Events::ILogConfiguration::operator* [0x00007FF66A203DC8+284648]
	Microsoft::Applications::Events::ILogConfiguration::operator* [0x00007FF66A1FFB54+267636]
	Microsoft::Applications::Events::ILogConfiguration::operator* [0x00007FF66A1FFC82+267938]
	Microsoft::Applications::Events::ILogConfiguration::operator* [0x00007FF66A1F2B31+214353]
	BaseThreadInitThunk [0x00007FFD9765257D+29]
	RtlUserThreadStart [0x00007FFD9812AA58+40]
" type="org.openqa.selenium.SessionNotCreatedException">
      <![CDATA[org.openqa.selenium.SessionNotCreatedException: session not created: This version of Microsoft Edge WebDriver only supports Microsoft Edge version 119
Current browser version is 121.0.2277.83 with binary path C:\Program Files (x86)\Microsoft\Edge\Application\msedge.exe
Build info: version: '3.141.59', revision: 'e82be7d358', time: '2018-11-14T08:17:03'
System info: host: 'LAPTOP-GD3BOCG7', ip: '192.168.183.135', os.name: 'Windows 11', os.arch: 'amd64', os.version: '10.0', java.version: '18.0.2.1'
Driver info: driver.version: EdgeDriver
remote stacktrace: GetHandleVerifier [0x00007FF66A275462+60322]
Microsoft::Applications::Events::ILogConfiguration::operator* [0x00007FF66A1FA412+245298]
(No symbol) [0x00007FF669FC9CE9]
(No symbol) [0x00007FF66A0090B9]
(No symbol) [0x00007FF66A0082B5]
(No symbol) [0x00007FF66A001EB2]
(No symbol) [0x00007FF669FFD1CB]
(No symbol) [0x00007FF66A04428F]
(No symbol) [0x00007FF66A03B8B3]
(No symbol) [0x00007FF66A00C5C3]
(No symbol) [0x00007FF66A00B9D3]
(No symbol) [0x00007FF66A00CD54]
Microsoft::Applications::Events::EventProperty::to_string [0x00007FF66A452084+1154308]
(No symbol) [0x00007FF66A08E656]
Microsoft::Applications::Events::EventProperty::clear [0x00007FF66A150AD3+36579]
Microsoft::Applications::Events::EventProperty::clear [0x00007FF66A1489FD+3597]
Microsoft::Applications::Events::EventProperty::to_string [0x00007FF66A450DC4+1149508]
Microsoft::Applications::Events::ILogConfiguration::operator* [0x00007FF66A203DC8+284648]
Microsoft::Applications::Events::ILogConfiguration::operator* [0x00007FF66A1FFB54+267636]
Microsoft::Applications::Events::ILogConfiguration::operator* [0x00007FF66A1FFC82+267938]
Microsoft::Applications::Events::ILogConfiguration::operator* [0x00007FF66A1F2B31+214353]
BaseThreadInitThunk [0x00007FFD9765257D+29]
RtlUserThreadStart [0x00007FFD9812AA58+40]

at java.base/jdk.internal.reflect.DirectConstructorHandleAccessor.newInstance(DirectConstructorHandleAccessor.java:67)
at java.base/java.lang.reflect.Constructor.newInstanceWithCaller(Constructor.java:499)
at java.base/java.lang.reflect.Constructor.newInstance(Constructor.java:483)
at org.openqa.selenium.remote.W3CHandshakeResponse.lambda$errorHandler$0(W3CHandshakeResponse.java:62)
at org.openqa.selenium.remote.HandshakeResponse.lambda$getResponseFunction$0(HandshakeResponse.java:30)
at org.openqa.selenium.remote.ProtocolHandshake.lambda$createSession$0(ProtocolHandshake.java:126)
at java.base/java.util.stream.ReferencePipeline$3$1.accept(ReferencePipeline.java:197)
at java.base/java.util.Spliterators$ArraySpliterator.tryAdvance(Spliterators.java:1002)
at java.base/java.util.stream.ReferencePipeline.forEachWithCancel(ReferencePipeline.java:129)
at java.base/java.util.stream.AbstractPipeline.copyIntoWithCancel(AbstractPipeline.java:527)
at java.base/java.util.stream.AbstractPipeline.copyInto(AbstractPipeline.java:513)
at java.base/java.util.stream.AbstractPipeline.wrapAndCopyInto(AbstractPipeline.java:499)
at java.base/java.util.stream.FindOps$FindOp.evaluateSequential(FindOps.java:150)
at java.base/java.util.stream.AbstractPipeline.evaluate(AbstractPipeline.java:234)
at java.base/java.util.stream.ReferencePipeline.findFirst(ReferencePipeline.java:647)
at org.openqa.selenium.remote.ProtocolHandshake.createSession(ProtocolHandshake.java:128)
at org.openqa.selenium.remote.ProtocolHandshake.createSession(ProtocolHandshake.java:74)
at org.openqa.selenium.remote.HttpCommandExecutor.execute(HttpCommandExecutor.java:136)
at org.openqa.selenium.remote.service.DriverCommandExecutor.execute(DriverCommandExecutor.java:83)
at org.openqa.selenium.remote.RemoteWebDriver.execute(RemoteWebDriver.java:552)
at org.openqa.selenium.remote.RemoteWebDriver.startSession(RemoteWebDriver.java:213)
at org.openqa.selenium.remote.RemoteWebDriver.<init>(RemoteWebDriver.java:131)
at org.openqa.selenium.edge.EdgeDriver.<init>(EdgeDriver.java:141)
at org.openqa.selenium.edge.EdgeDriver.<init>(EdgeDriver.java:96)
at base_library.BaseLibrary.launch_browser(BaseLibrary.java:43)
at testingbaba_test.ModalDialogsTest.lunchURL(ModalDialogsTest.java:16)
at java.base/jdk.internal.reflect.DirectMethodHandleAccessor.invoke(DirectMethodHandleAccessor.java:104)
at java.base/java.lang.reflect.Method.invoke(Method.java:577)
at org.testng.internal.invokers.MethodInvocationHelper.invokeMethod(MethodInvocationHelper.java:139)
at org.testng.internal.invokers.MethodInvocationHelper.invokeMethodConsideringTimeout(MethodInvocationHelper.java:69)
at org.testng.internal.invokers.ConfigInvoker.invokeConfigurationMethod(ConfigInvoker.java:390)
at org.testng.internal.invokers.ConfigInvoker.invokeConfigurations(ConfigInvoker.java:325)
at org.testng.TestRunner.invokeTestConfigurations(TestRunner.java:663)
at org.testng.TestRunner.beforeRun(TestRunner.java:652)
at org.testng.TestRunner.run(TestRunner.java:614)
at org.testng.SuiteRunner.runTest(SuiteRunner.java:443)
at org.testng.SuiteRunner.runSequentially(SuiteRunner.java:437)
at org.testng.SuiteRunner.privateRun(SuiteRunner.java:397)
at org.testng.SuiteRunner.run(SuiteRunner.java:336)
at org.testng.SuiteRunnerWorker.runSuite(SuiteRunnerWorker.java:52)
at org.testng.SuiteRunnerWorker.run(SuiteRunnerWorker.java:95)
at org.testng.TestNG.runSuitesSequentially(TestNG.java:1280)
at org.testng.TestNG.runSuitesLocally(TestNG.java:1200)
at org.testng.TestNG.runSuites(TestNG.java:1114)
at org.testng.TestNG.run(TestNG.java:1082)
at org.testng.remote.AbstractRemoteTestNG.run(AbstractRemoteTestNG.java:115)
at org.testng.remote.RemoteTestNG.initAndRun(RemoteTestNG.java:251)
at org.testng.remote.RemoteTestNG.main(RemoteTestNG.java:77)
]]>
    </error>
  </testcase> <!-- lunchURL -->
  <testcase classname="testingbaba_test.ModalDialogsTest" name="hitAlertsFrame" time="0.000">
    <skipped/>
  </testcase> <!-- hitAlertsFrame -->
  <testcase classname="testingbaba_test.ModalDialogsTest" name="hitModalDialogs" time="0.000">
    <skipped/>
  </testcase> <!-- hitModalDialogs -->
  <testcase classname="testingbaba_test.ModalDialogsTest" name="hitSmallModal" time="0.000">
    <skipped/>
  </testcase> <!-- hitSmallModal -->
  <testcase classname="testingbaba_test.ModalDialogsTest" name="hitSmallModalText" time="0.000">
    <skipped/>
  </testcase> <!-- hitSmallModalText -->
  <testcase classname="testingbaba_test.ModalDialogsTest" name="hitLargeModalText" time="0.000">
    <skipped/>
  </testcase> <!-- hitLargeModalText -->
</testsuite> <!-- testingbaba_test.ModalDialogsTest -->
